# JRE version: Java(TM) SE Runtime Environment (20.0+36) (build 20+36-2344)
# Java VM: Java HotSpot(TM) 64-Bit Server VM (20+36-2344, mixed mode, emulated-client, sharing, tiered, compressed oops, compressed class ptrs, g1 gc, windows-amd64)
GC Precious Log:
 CardTable entry size: 512
 Card Set container configuration: InlinePtr #cards 4 size 8 Array Of Cards #cards 16 size 48 Howl #buckets 8 coarsen threshold 3686 Howl Bitmap #cards 512 size 80 coarsen threshold 460 Card regions per heap region 1 cards per card region 4096
 CPUs: 8 total, 8 available
 Memory: 16064M
 Large Page Support: Disabled
 NUMA Support: Disabled
 Compressed Oops: Enabled (Zero based)
 Heap Region Size: 2M
 Heap Min Capacity: 8M
 Heap Initial Capacity: 252M
 Heap Max Capacity: 4018M
 Pre-touch: Disabled
 Parallel Workers: 8
 Concurrent Workers: 2
 Concurrent Refinement Workers: 8
 Periodic GC: Disabled
Heap:
 garbage-first heap   total 157696K, used 71799K [0x0000000704e00000, 0x0000000800000000)
  region size 2048K, 17 young (34816K), 3 survivors (6144K)
 Metaspace       used 84283K, committed 85568K, reserved 1179648K
  class space    used 11691K, committed 12288K, reserved 1048576K
GC Heap History (20 events):
Event: 4.496 GC heap before
{Heap before GC invocations=20 (full 0):
 garbage-first heap   total 110592K, used 89412K [0x0000000704e00000, 0x0000000800000000)
  region size 2048K, 32 young (65536K), 3 survivors (6144K)
 Metaspace       used 66255K, committed 67008K, reserved 1114112K
  class space    used 9139K, committed 9472K, reserved 1048576K
}
Event: 4.501 GC heap after
{Heap after GC invocations=21 (full 0):
 garbage-first heap   total 110592K, used 32185K [0x0000000704e00000, 0x0000000800000000)
  region size 2048K, 3 young (6144K), 3 survivors (6144K)
 Metaspace       used 66255K, committed 67008K, reserved 1114112K
  class space    used 9139K, committed 9472K, reserved 1048576K
}
Event: 4.885 GC heap before
{Heap before GC invocations=21 (full 0):
 garbage-first heap   total 110592K, used 91577K [0x0000000704e00000, 0x0000000800000000)
  region size 2048K, 32 young (65536K), 3 survivors (6144K)
 Metaspace       used 69195K, committed 70016K, reserved 1114112K
  class space    used 9528K, committed 9920K, reserved 1048576K
}
Event: 4.889 GC heap after
{Heap after GC invocations=22 (full 0):
 garbage-first heap   total 110592K, used 34269K [0x0000000704e00000, 0x0000000800000000)
  region size 2048K, 3 young (6144K), 3 survivors (6144K)
 Metaspace       used 69195K, committed 70016K, reserved 1114112K
  class space    used 9528K, committed 9920K, reserved 1048576K
}
Event: 5.030 GC heap before
{Heap before GC invocations=22 (full 0):
 garbage-first heap   total 110592K, used 93661K [0x0000000704e00000, 0x0000000800000000)
  region size 2048K, 32 young (65536K), 3 survivors (6144K)
 Metaspace       used 69767K, committed 70592K, reserved 1114112K
  class space    used 9601K, committed 9984K, reserved 1048576K
}
Event: 5.038 GC heap after
{Heap after GC invocations=23 (full 0):
 garbage-first heap   total 114688K, used 47162K [0x0000000704e00000, 0x0000000800000000)
  region size 2048K, 4 young (8192K), 4 survivors (8192K)
 Metaspace       used 69767K, committed 70592K, reserved 1114112K
  class space    used 9601K, committed 9984K, reserved 1048576K
}
Event: 5.098 GC heap before
{Heap before GC invocations=23 (full 0):
 garbage-first heap   total 114688K, used 94266K [0x0000000704e00000, 0x0000000800000000)
  region size 2048K, 28 young (57344K), 4 survivors (8192K)
 Metaspace       used 69799K, committed 70592K, reserved 1114112K
  class space    used 9606K, committed 9984K, reserved 1048576K
}
Event: 5.105 GC heap after
{Heap after GC invocations=24 (full 0):
 garbage-first heap   total 114688K, used 56708K [0x0000000704e00000, 0x0000000800000000)
  region size 2048K, 4 young (8192K), 4 survivors (8192K)
 Metaspace       used 69799K, committed 70592K, reserved 1114112K
  class space    used 9606K, committed 9984K, reserved 1048576K
}
Event: 5.315 GC heap before
{Heap before GC invocations=24 (full 0):
 garbage-first heap   total 114688K, used 95620K [0x0000000704e00000, 0x0000000800000000)
  region size 2048K, 23 young (47104K), 4 survivors (8192K)
 Metaspace       used 71162K, committed 72000K, reserved 1114112K
  class space    used 9811K, committed 10176K, reserved 1048576K
}
Event: 5.320 GC heap after
{Heap after GC invocations=25 (full 0):
 garbage-first heap   total 165888K, used 62120K [0x0000000704e00000, 0x0000000800000000)
  region size 2048K, 3 young (6144K), 3 survivors (6144K)
 Metaspace       used 71162K, committed 72000K, reserved 1114112K
  class space    used 9811K, committed 10176K, reserved 1048576K
}
Event: 11.507 GC heap before
{Heap before GC invocations=25 (full 0):
 garbage-first heap   total 165888K, used 125608K [0x0000000704e00000, 0x0000000800000000)
  region size 2048K, 34 young (69632K), 3 survivors (6144K)
 Metaspace       used 75684K, committed 76672K, reserved 1179648K
  class space    used 10483K, committed 10944K, reserved 1048576K
}
Event: 11.512 GC heap after
{Heap after GC invocations=26 (full 0):
 garbage-first heap   total 165888K, used 65007K [0x0000000704e00000, 0x0000000800000000)
  region size 2048K, 4 young (8192K), 4 survivors (8192K)
 Metaspace       used 75684K, committed 76672K, reserved 1179648K
  class space    used 10483K, committed 10944K, reserved 1048576K
}
Event: 11.732 GC heap before
{Heap before GC invocations=26 (full 0):
 garbage-first heap   total 165888K, used 97775K [0x0000000704e00000, 0x0000000800000000)
  region size 2048K, 18 young (36864K), 4 survivors (8192K)
 Metaspace       used 78255K, committed 79360K, reserved 1179648K
  class space    used 10755K, committed 11264K, reserved 1048576K
}
Event: 11.739 GC heap after
{Heap after GC invocations=27 (full 0):
 garbage-first heap   total 165888K, used 68137K [0x0000000704e00000, 0x0000000800000000)
  region size 2048K, 4 young (8192K), 4 survivors (8192K)
 Metaspace       used 78255K, committed 79360K, reserved 1179648K
  class space    used 10755K, committed 11264K, reserved 1048576K
}
Event: 12.298 GC heap before
{Heap before GC invocations=28 (full 0):
 garbage-first heap   total 165888K, used 119337K [0x0000000704e00000, 0x0000000800000000)
  region size 2048K, 33 young (67584K), 4 survivors (8192K)
 Metaspace       used 80604K, committed 81856K, reserved 1179648K
  class space    used 11165K, committed 11712K, reserved 1048576K
}
Event: 12.304 GC heap after
{Heap after GC invocations=29 (full 0):
 garbage-first heap   total 165888K, used 67719K [0x0000000704e00000, 0x0000000800000000)
  region size 2048K, 5 young (10240K), 5 survivors (10240K)
 Metaspace       used 80604K, committed 81856K, reserved 1179648K
  class space    used 11165K, committed 11712K, reserved 1048576K
}
Event: 130.741 GC heap before
{Heap before GC invocations=29 (full 0):
 garbage-first heap   total 165888K, used 114823K [0x0000000704e00000, 0x0000000800000000)
  region size 2048K, 30 young (61440K), 5 survivors (10240K)
 Metaspace       used 83680K, committed 84928K, reserved 1179648K
  class space    used 11637K, committed 12224K, reserved 1048576K
}
Event: 130.792 GC heap after
{Heap after GC invocations=30 (full 1):
 garbage-first heap   total 157696K, used 39791K [0x0000000704e00000, 0x0000000800000000)
  region size 2048K, 0 young (0K), 0 survivors (0K)
 Metaspace       used 83672K, committed 84928K, reserved 1179648K
  class space    used 11635K, committed 12224K, reserved 1048576K
}
Event: 131.459 GC heap before
{Heap before GC invocations=30 (full 1):
 garbage-first heap   total 157696K, used 107375K [0x0000000704e00000, 0x0000000800000000)
  region size 2048K, 34 young (69632K), 0 survivors (0K)
 Metaspace       used 84002K, committed 85248K, reserved 1179648K
  class space    used 11673K, committed 12224K, reserved 1048576K
}
Event: 131.462 GC heap after
{Heap after GC invocations=31 (full 1):
 garbage-first heap   total 157696K, used 45175K [0x0000000704e00000, 0x0000000800000000)
  region size 2048K, 3 young (6144K), 3 survivors (6144K)
 Metaspace       used 84002K, committed 85248K, reserved 1179648K
  class space    used 11673K, committed 12224K, reserved 1048576K
}

